Library/Bee/Android/Prj/Mono2x/Gradle/launcher/build/intermediates/manifest_merge_blame_file/release/manifest-merger-blame-release-report.txt
1<?xml version="1.0" encoding="utf-8"?>
2<manifest xmlns:android="http://schemas.android.com/apk/res/android"
3    package="com.UM.Bahauddin"
4    android:installLocation="preferExternal"
5    android:versionCode="1"
6    android:versionName="0.1" >
7
8    <uses-sdk
9        android:minSdkVersion="22"
9-->src\main\AndroidManifest.xml
10        android:targetSdkVersion="30" />
10-->src\main\AndroidManifest.xml
11
12    <supports-screens
12-->src\main\AndroidManifest.xml:3:3-163
13        android:anyDensity="true"
13-->src\main\AndroidManifest.xml:3:135-160
14        android:largeScreens="true"
14-->src\main\AndroidManifest.xml:3:78-105
15        android:normalScreens="true"
15-->src\main\AndroidManifest.xml:3:49-77
16        android:smallScreens="true"
16-->src\main\AndroidManifest.xml:3:21-48
17        android:xlargeScreens="true" />
17-->src\main\AndroidManifest.xml:3:106-134
18
19    <uses-feature android:glEsVersion="0x00020000" />
19-->[:unityLibrary] AndroidManifest.xml:12:5-54
19-->[:unityLibrary] AndroidManifest.xml:12:19-51
20
21    <uses-permission android:name="android.permission.INTERNET" />
21-->[:unityLibrary] AndroidManifest.xml:14:5-67
21-->[:unityLibrary] AndroidManifest.xml:14:22-64
22    <uses-permission android:name="android.permission.ACCESS_NETWORK_STATE" />
22-->[:unityLibrary] AndroidManifest.xml:15:5-79
22-->[:unityLibrary] AndroidManifest.xml:15:22-76
23
24    <uses-feature
24-->[:unityLibrary] AndroidManifest.xml:17:5-19:36
25        android:name="android.hardware.touchscreen"
25-->[:unityLibrary] AndroidManifest.xml:18:9-52
26        android:required="false" />
26-->[:unityLibrary] AndroidManifest.xml:19:9-33
27    <uses-feature
27-->[:unityLibrary] AndroidManifest.xml:20:5-22:36
28        android:name="android.hardware.touchscreen.multitouch"
28-->[:unityLibrary] AndroidManifest.xml:21:9-63
29        android:required="false" />
29-->[:unityLibrary] AndroidManifest.xml:22:9-33
30    <uses-feature
30-->[:unityLibrary] AndroidManifest.xml:23:5-25:36
31        android:name="android.hardware.touchscreen.multitouch.distinct"
31-->[:unityLibrary] AndroidManifest.xml:24:9-72
32        android:required="false" />
32-->[:unityLibrary] AndroidManifest.xml:25:9-33
33
34    <uses-permission android:name="android.permission.GET_TASKS" />
34-->[:UnityChannel:] AndroidManifest.xml:9:5-68
34-->[:UnityChannel:] AndroidManifest.xml:9:22-65
35    <uses-permission android:name="android.permission.ACCESS_WIFI_STATE" />
35-->[:UnityChannel:] AndroidManifest.xml:10:5-76
35-->[:UnityChannel:] AndroidManifest.xml:10:22-73
36    <uses-permission android:name="com.xiaomi.sdk.permission.PAYMENT" />
36-->[:UnityChannel:] AndroidManifest.xml:12:5-73
36-->[:UnityChannel:] AndroidManifest.xml:12:22-70
37    <uses-permission android:name="android.permission.READ_PHONE_STATE" />
37-->[:UnityChannel:] AndroidManifest.xml:13:5-75
37-->[:UnityChannel:] AndroidManifest.xml:13:22-72
38    <uses-permission android:name="android.permission.GET_ACCOUNTS" />
38-->[:UnityChannel:] AndroidManifest.xml:14:5-71
38-->[:UnityChannel:] AndroidManifest.xml:14:22-68
39    <uses-permission android:name="com.xiaomi.permission.AUTH_SERVICE" />
39-->[:UnityChannel:] AndroidManifest.xml:16:5-74
39-->[:UnityChannel:] AndroidManifest.xml:16:22-71
40
41    <application
41-->src\main\AndroidManifest.xml:4:3-121
42        android:banner="@drawable/app_banner"
42-->src\main\AndroidManifest.xml:4:81-118
43        android:extractNativeLibs="true"
43-->[:unityLibrary] AndroidManifest.xml:28:9-41
44        android:icon="@mipmap/app_icon"
44-->src\main\AndroidManifest.xml:4:49-80
45        android:isGame="true"
45-->[:unityLibrary] AndroidManifest.xml:29:9-30
46        android:label="@string/app_name" >
46-->src\main\AndroidManifest.xml:4:16-48
47        <activity
47-->[:unityLibrary] AndroidManifest.xml:30:9-48:20
48            android:name="com.unity3d.player.UnityPlayerActivity"
48-->[:unityLibrary] AndroidManifest.xml:31:13-66
49            android:configChanges="mcc|mnc|locale|touchscreen|keyboard|keyboardHidden|navigation|orientation|screenLayout|uiMode|screenSize|smallestScreenSize|fontScale|layoutDirection|density"
49-->[:unityLibrary] AndroidManifest.xml:32:13-194
50            android:hardwareAccelerated="false"
50-->[:unityLibrary] AndroidManifest.xml:33:13-48
51            android:launchMode="singleTask"
51-->[:unityLibrary] AndroidManifest.xml:34:13-44
52            android:resizeableActivity="false"
52-->[:unityLibrary] AndroidManifest.xml:35:13-47
53            android:screenOrientation="landscape"
53-->[:unityLibrary] AndroidManifest.xml:36:13-50
54            android:theme="@style/UnityThemeSelector" >
54-->[:unityLibrary] AndroidManifest.xml:37:13-54
55            <intent-filter>
55-->[:unityLibrary] AndroidManifest.xml:38:13-43:29
56                <action android:name="android.intent.action.MAIN" />
56-->[:unityLibrary] AndroidManifest.xml:39:17-69
56-->[:unityLibrary] AndroidManifest.xml:39:25-66
57
58                <category android:name="android.intent.category.LAUNCHER" />
58-->[:unityLibrary] AndroidManifest.xml:41:17-77
58-->[:unityLibrary] AndroidManifest.xml:41:27-74
59                <category android:name="android.intent.category.LEANBACK_LAUNCHER" />
59-->[:unityLibrary] AndroidManifest.xml:42:17-86
59-->[:unityLibrary] AndroidManifest.xml:42:27-83
60            </intent-filter>
61
62            <meta-data
62-->[:unityLibrary] AndroidManifest.xml:45:13-47:40
63                android:name="unityplayer.UnityActivity"
63-->[:unityLibrary] AndroidManifest.xml:46:17-57
64                android:value="true" />
64-->[:unityLibrary] AndroidManifest.xml:47:17-37
65        </activity>
66
67        <meta-data
67-->[:unityLibrary] AndroidManifest.xml:50:9-52:33
68            android:name="unity.splash-mode"
68-->[:unityLibrary] AndroidManifest.xml:51:13-45
69            android:value="0" />
69-->[:unityLibrary] AndroidManifest.xml:52:13-30
70        <meta-data
70-->[:unityLibrary] AndroidManifest.xml:53:9-55:36
71            android:name="unity.splash-enable"
71-->[:unityLibrary] AndroidManifest.xml:54:13-47
72            android:value="True" />
72-->[:unityLibrary] AndroidManifest.xml:55:13-33
73        <meta-data
73-->[:unityLibrary] AndroidManifest.xml:56:9-58:36
74            android:name="unity.launch-fullscreen"
74-->[:unityLibrary] AndroidManifest.xml:57:13-51
75            android:value="True" />
75-->[:unityLibrary] AndroidManifest.xml:58:13-33
76        <meta-data
76-->[:unityLibrary] AndroidManifest.xml:59:9-61:37
77            android:name="unity.allow-resizable-window"
77-->[:unityLibrary] AndroidManifest.xml:60:13-56
78            android:value="False" /> <!-- Xiaomi SDK Need -->
78-->[:unityLibrary] AndroidManifest.xml:61:13-34
79        <activity
79-->[:UnityChannel:] AndroidManifest.xml:21:9-26:20
80            android:name="com.xiaomi.gamecenter.sdk.ui.MiActivity"
80-->[:UnityChannel:] AndroidManifest.xml:22:13-67
81            android:configChanges="orientation|screenSize"
81-->[:UnityChannel:] AndroidManifest.xml:23:13-59
82            android:screenOrientation="behind"
82-->[:UnityChannel:] AndroidManifest.xml:24:13-47
83            android:theme="@android:style/Theme.Translucent.NoTitleBar" >
83-->[:UnityChannel:] AndroidManifest.xml:25:13-72
84        </activity>
85        <activity
85-->[:UnityChannel:] AndroidManifest.xml:27:9-31:75
86            android:name="com.xiaomi.gamecenter.sdk.ui.PayListActivity"
86-->[:UnityChannel:] AndroidManifest.xml:28:13-72
87            android:configChanges="orientation|screenSize"
87-->[:UnityChannel:] AndroidManifest.xml:29:13-59
88            android:exported="true"
88-->[:UnityChannel:] AndroidManifest.xml:30:13-36
89            android:theme="@android:style/Theme.Translucent.NoTitleBar" />
89-->[:UnityChannel:] AndroidManifest.xml:31:13-72
90        <activity
90-->[:UnityChannel:] AndroidManifest.xml:32:9-36:75
91            android:name="com.xiaomi.gamecenter.alipay.HyAlipayActivity"
91-->[:UnityChannel:] AndroidManifest.xml:33:13-73
92            android:configChanges="orientation|screenSize"
92-->[:UnityChannel:] AndroidManifest.xml:34:13-59
93            android:exported="true"
93-->[:UnityChannel:] AndroidManifest.xml:35:13-36
94            android:theme="@android:style/Theme.Translucent.NoTitleBar" />
94-->[:UnityChannel:] AndroidManifest.xml:36:13-72
95        <activity
95-->[:UnityChannel:] AndroidManifest.xml:37:9-41:75
96            android:name="com.xiaomi.account.openauth.AuthorizeActivity"
96-->[:UnityChannel:] AndroidManifest.xml:38:13-73
97            android:configChanges="orientation|screenSize"
97-->[:UnityChannel:] AndroidManifest.xml:39:13-59
98            android:exported="true"
98-->[:UnityChannel:] AndroidManifest.xml:40:13-36
99            android:theme="@android:style/Theme.Translucent.NoTitleBar" />
99-->[:UnityChannel:] AndroidManifest.xml:41:13-72
100        <activity
100-->[:UnityChannel:] AndroidManifest.xml:42:9-46:75
101            android:name="com.xiaomi.gamecenter.wxwap.HyWxWappayActivity"
101-->[:UnityChannel:] AndroidManifest.xml:43:13-74
102            android:configChanges="orientation|screenSize"
102-->[:UnityChannel:] AndroidManifest.xml:44:13-59
103            android:exported="true"
103-->[:UnityChannel:] AndroidManifest.xml:45:13-36
104            android:theme="@android:style/Theme.Translucent.NoTitleBar" />
104-->[:UnityChannel:] AndroidManifest.xml:46:13-72
105        <activity
105-->[:UnityChannel:] AndroidManifest.xml:47:9-52:70
106            android:name="com.alipay.sdk.app.H5PayActivity"
106-->[:UnityChannel:] AndroidManifest.xml:48:13-60
107            android:configChanges="orientation|keyboardHidden|navigation|screenSize"
107-->[:UnityChannel:] AndroidManifest.xml:49:13-85
108            android:exported="false"
108-->[:UnityChannel:] AndroidManifest.xml:50:13-37
109            android:screenOrientation="behind"
109-->[:UnityChannel:] AndroidManifest.xml:51:13-47
110            android:windowSoftInputMode="adjustResize|stateHidden" />
110-->[:UnityChannel:] AndroidManifest.xml:52:13-67
111    </application>
112
113</manifest>